1644595606761	geckodriver	INFO	Listening on 127.0.0.1:60594
1644595609824	mozrunner::runner	INFO	Running command: "C:\\Program Files\\Mozilla Firefox\\firefox.exe" "--marionette" "--remote-debugging-port" "60595" "-no-remote" "-profile" "C:\\Users\\Michael\\AppData\\Local\\Temp\\rust_mozprofileheWeHP"
1644595610376	Marionette	INFO	Marionette enabled
console.warn: SearchSettings: "get: No settings file exists, new profile?" (new NotFoundError("Could not open the file at C:\\Users\\Michael\\AppData\\Local\\Temp\\rust_mozprofileheWeHP\\search.json.mozlz4", (void 0)))
DevTools listening on ws://localhost:60595/devtools/browser/03f9533b-53a6-4a6f-ac07-e8634a38068f
1644595612308	Marionette	INFO	Listening on port 63154
1644595612529	RemoteAgent	WARN	TLS certificate errors will be ignored for this session
JavaScript error: https://instructure-uploads.s3.amazonaws.com/account_73010000000000001/attachments/15052561/uncc_canvas.js, line 192: TypeError: document.getElementById(...) is null
JavaScript error: resource://devtools/server/actors/network-monitor/network-event-actor.js, line 110: Error: Got a request https://du11hjcvx0uqb.cloudfront.net/dist/brandable_css/no_variables/bundles/lato_extended-f5a83bde37.css without a browsingContextID set
JavaScript error: resource://devtools/server/actors/network-monitor/network-event-actor.js, line 110: Error: Got a request https://du11hjcvx0uqb.cloudfront.net/dist/brandable_css/0310970111ae27083ac9df78565a732a/variables-7dd4b80918af0e0218ec0229e4bd5873.css without a browsingContextID set
JavaScript error: resource://devtools/server/actors/network-monitor/network-event-actor.js, line 110: Error: Got a request https://du11hjcvx0uqb.cloudfront.net/dist/brandable_css/responsive_layout_normal_contrast/bundles/common-4d7fe2c46c.css without a browsingContextID set
JavaScript error: resource://devtools/server/actors/network-monitor/network-event-actor.js, line 110: Error: Got a request https://instructure-uploads.s3.amazonaws.com/account_73010000000000001/attachments/14788298/uncc_canvas.css without a browsingContextID set
JavaScript error: , line 0: NotFoundError: No such JSWindowActor 'DevToolsFrame'
1644595691070	Marionette	INFO	Stopped listening on port 63154
console.warn: TopSitesFeed: Failed to fetch data from Contile server: NetworkError when attempting to fetch resource.

###!!! [Parent][RunMessage] Error: Channel closing: too late to send/recv, messages will be lost

 SearchSettings: "get: No settings file exists, new profile?" (new NotFoundError("Could not open the file at C:\\Users\\Michael\\AppData\\Local\\Temp\\rust_mozprofileIVeH98\\search.json.mozlz4", (void 0)))
DevTools listening on ws://localhost:63258/devtools/browser/1bd3e103-1f90-4351-a21e-08696dcb2f24
1644595690341	Marionette	INFO	Listening on port 63267
1644595690372	RemoteAgent	WARN	TLS certificate errors will be ignored for this session
JavaScript error: https://instructure-uploads.s3.amazonaws.com/account_73010000000000001/attachments/15052561/uncc_canvas.js, line 192: TypeError: document.getElementById(...) is null
console.warn: LoginRecipes: "getRecipes: falling back to a synchronous message for:" "https://webauth.uncc.edu"
console.warn: LoginRecipes: "getRecipes: falling back to a synchronous message for:" "https://webauth.uncc.edu"
JavaScript error: resource://gre/modules/LoginManagerParent.jsm, line 136: TypeError: gRecipeManager is null
console.warn: LoginRecipes: "getRecipes: falling back to a synchronous message for:" "https://api-c9cc3e0e.duosecurity.com"
JavaScript error: resource://gre/modules/LoginManagerParent.jsm, line 136: TypeError: gRecipeManager is null
console.warn: LoginRecipes: "getRecipes: falling back to a synchronous message for:" "https://api-c9cc3e0e.duosecurity.com"
JavaScript error: resource://gre/modules/LoginManagerParent.jsm, line 136: TypeError: gRecipeManager is null
1644595693926	Marionette	WARN	Ignoring event 'DOMContentLoaded' because document has an invalid readyState of 'complete'.
1644595696598	Marionette	INFO	Stopped listening on port 63267
console.warn: TopSitesFeed: Failed to fetch data from Contile server: NetworkError when attempting to fetch resource.

###!!! [Parent][RunMessage] Error: Channel closing: too late to send/recv, messages will be lost

1644600282730	geckodriver	INFO	Listening on 127.0.0.1:61038
1644600285830	mozrunner::runner	INFO	Running command: "C:\\Program Files\\Mozilla Firefox\\firefox.exe" "--marionette" "--remote-debugging-port" "61039" "-no-remote" "-profile" "C:\\Users\\Michael\\AppData\\Local\\Temp\\rust_mozprofileJJd5cP"
1644600286133	Marionette	INFO	Marionette enabled
console.warn: SearchSettings: "get: No settings file exists, new profile?" (new NotFoundError("Could not open the file at C:\\Users\\Michael\\AppData\\Local\\Temp\\rust_mozprofileJJd5cP\\search.json.mozlz4", (void 0)))
DevTools listening on ws://localhost:61039/devtools/browser/7f1a3815-62dc-4333-8295-7f2a8cf4be74
1644600287735	Marionette	INFO	Listening on port 61044
1644600287913	RemoteAgent	WARN	TLS certificate errors will be ignored for this session
console.warn: LoginRecipes: "getRecipes: falling back to a synchronous message for:" "https://github.com"
console.warn: LoginRecipes: "getRecipes: falling back to a synchronous message for:" "https://github.com"
JavaScript error: resource://gre/modules/LoginManagerParent.jsm, line 136: TypeError: gRecipeManager is null
JavaScript error: https://instructure-uploads.s3.amazonaws.com/account_73010000000000001/attachments/15052561/uncc_canvas.js, line 192: TypeError: document.getElementById(...) is null
console.warn: LoginRecipes: "getRecipes: falling back to a synchronous message for:" "https://webauth.uncc.edu"
JavaScript error: resource://gre/modules/LoginManagerParent.jsm, line 136: TypeError: gRecipeManager is null
console.warn: LoginRecipes: "getRecipes: falling back to a synchronous message for:" "https://webauth.uncc.edu"
JavaScript error: resource://gre/modules/LoginManagerParent.jsm, line 136: TypeError: gRecipeManager is null
console.warn: LoginRecipes: "getRecipes: falling back to a synchronous message for:" "https://api-c9cc3e0e.duosecurity.com"
JavaScript error: resource://gre/modules/LoginManagerParent.jsm, line 136: TypeError: gRecipeManager is null
console.warn: LoginRecipes: "getRecipes: falling back to a synchronous message for:" "https://api-c9cc3e0e.duosecurity.com"
JavaScript error: resource://gre/modules/LoginManagerParent.jsm, line 136: TypeError: gRecipeManager is null
1644600295805	Marionette	WARN	Ignoring event 'DOMContentLoaded' because document has an invalid readyState of 'complete'.
console.warn: LoginRecipes: "getRecipes: falling back to a synchronous message for:" "https://api-c9cc3e0e.duosecurity.com"
JavaScript error: resource://gre/modules/LoginManagerParent.jsm, line 136: TypeError: gRecipeManager is null
console.warn: LoginRecipes: "getRecipes: falling back to a synchronous message for:" "https://api-c9cc3e0e.duosecurity.com"
JavaScript error: resource://gre/modules/LoginManagerParent.jsm, line 136: TypeError: gRecipeManager is null
console.warn: LoginRecipes: "getRecipes: falling back to a synchronous message for:" "https://webauth.uncc.edu"
JavaScript error: resource://gre/modules/LoginManagerParent.jsm, line 136: TypeError: gRecipeManager is null
console.warn: LoginRecipes: "getRecipes: falling back to a synchronous message for:" "https://webauth.uncc.edu"
JavaScript error: resource://gre/modules/LoginManagerParent.jsm, line 136: TypeError: gRecipeManager is null
console.warn: LoginRecipes: "getRecipes: falling back to a synchronous message for:" "https://webauth.uncc.edu"
JavaScript error: resource://gre/modules/LoginManagerParent.jsm, line 136: TypeError: gRecipeManager is null
console.warn: LoginRecipes: "getRecipes: falling back to a synchronous message for:" "https://webauth.uncc.edu"
JavaScript error: resource://gre/modules/LoginManagerParent.jsm, line 136: TypeError: gRecipeManager is null
JavaScript error: https://instructure-uploads.s3.amazonaws.com/account_73010000000000001/attachments/15052561/uncc_canvas.js, line 192: TypeError: document.getElementById(...) is null
JavaScript error: , line 0: NotFoundError: No such JSWindowActor 'DevToolsFrame'
1644600386374	Marionette	INFO	Stopped listening on port 61044
console.warn: TopSitesFeed: Failed to fetch data from Contile server: NetworkError when attempting to fetch resource.

###!!! [Parent][RunMessage] Error: Channel closing: too late to send/recv, messages will be lost

1644600406801	geckodriver	INFO	Listening on 127.0.0.1:61178
1644600409897	mozrunner::runner	INFO	Running command: "C:\\Program Files\\Mozilla Firefox\\firefox.exe" "--marionette" "--remote-debugging-port" "61179" "-no-remote" "-profile" "C:\\Users\\Michael\\AppData\\Local\\Temp\\rust_mozprofile3or3iX"
1644600410223	Marionette	INFO	Marionette enabled
console.warn: SearchSettings: "get: No settings file exists, new profile?" (new NotFoundError("Could not open the file at C:\\Users\\Michael\\AppData\\Local\\Temp\\rust_mozprofile3or3iX\\search.json.mozlz4", (void 0)))
DevTools listening on ws://localhost:61179/devtools/browser/2699ce09-abb9-4610-a0ab-295e6b0b9fa7
1644600411975	Marionette	INFO	Listening on port 61184
1644600412067	RemoteAgent	WARN	TLS certificate errors will be ignored for this session
console.warn: LoginRecipes: "getRecipes: falling back to a synchronous message for:" "https://github.com"
console.warn: LoginRecipes: "getRecipes: falling back to a synchronous message for:" "https://github.com"
JavaScript error: resource://gre/modules/LoginManagerParent.jsm, line 136: TypeError: gRecipeManager is null
JavaScript error: https://instructure-uploads.s3.amazonaws.com/account_73010000000000001/attachments/15052561/uncc_canvas.js, line 192: TypeError: document.getElementById(...) is null
console.warn: LoginRecipes: "getRecipes: falling back to a synchronous message for:" "https://webauth.uncc.edu"
JavaScript error: resource://gre/modules/LoginManagerParent.jsm, line 136: TypeError: gRecipeManager is null
console.warn: LoginRecipes: "getRecipes: falling back to a synchronous message for:" "https://webauth.uncc.edu"
JavaScript error: resource://gre/modules/LoginManagerParent.jsm, line 136: TypeError: gRecipeManager is null
console.warn: LoginRecipes: "getRecipes: falling back to a synchronous message for:" "https://api-c9cc3e0e.duosecurity.com"
JavaScript error: resource://gre/modules/LoginManagerParent.jsm, line 136: TypeError: gRecipeManager is null
console.warn: LoginRecipes: "getRecipes: falling back to a synchronous message for:" "https://api-c9cc3e0e.duosecurity.com"
JavaScript error: resource://gre/modules/LoginManagerParent.jsm, line 136: TypeError: gRecipeManager is null
1644600420305	Marionette	WARN	Ignoring event 'DOMContentLoaded' because document has an invalid readyState of 'complete'.
console.warn: LoginRecipes: "getRecipes: falling back to a synchronous message for:" "https://api-c9cc3e0e.duosecurity.com"
JavaScript error: resource://gre/modules/LoginManagerParent.jsm, line 136: TypeError: gRecipeManager is null
console.warn: LoginRecipes: "getRecipes: falling back to a synchronous message for:" "https://api-c9cc3e0e.duosecurity.com"
JavaScript error: resource://gre/modules/LoginManagerParent.jsm, line 136: TypeError: gRecipeManager is null
console.warn: LoginRecipes: "getRecipes: falling back to a synchronous message for:" "https://webauth.uncc.edu"
JavaScript error: resource://gre/modules/LoginManagerParent.jsm, line 136: TypeError: gRecipeManager is null
console.warn: LoginRecipes: "getRecipes: falling back to a synchronous message for:" "https://webauth.uncc.edu"
JavaScript error: resource://gre/modules/LoginManagerParent.jsm, line 136: TypeError: gRecipeManager is null
console.warn: LoginRecipes: "getRecipes: falling back to a synchronous message for:" "https://webauth.uncc.edu"
JavaScript error: resource://gre/modules/LoginManagerParent.jsm, line 136: TypeError: gRecipeManager is null
console.warn: LoginRecipes: "getRecipes: falling back to a synchronous message for:" "https://webauth.uncc.edu"
JavaScript error: resource://gre/modules/LoginManagerParent.jsm, line 136: TypeError: gRecipeManager is null
JavaScript error: https://instructure-uploads.s3.amazonaws.com/account_73010000000000001/attachments/15052561/uncc_canvas.js, line 192: TypeError: document.getElementById(...) is null
JavaScript error: https://instructure-uploads.s3.amazonaws.com/account_73010000000000001/attachments/15052561/uncc_canvas.js, line 192: TypeError: document.getElementById(...) is null
JavaScript error: resource://gre/modules/AsyncShutdown.jsm, line 575: NotFoundError: No such JSWindowActor 'DevToolsFrame'
1644600503344	Marionette	INFO	Stopped listening on port 61184
console.warn: TopSitesFeed: Failed to fetch data from Contile server: NetworkError when attempting to fetch resource.

###!!! [Parent][RunMessage] Error: Channel closing: too late to send/recv, messages will be lost

1644600525645	geckodriver	INFO	Listening on 127.0.0.1:62907
1644600528682	mozrunner::runner	INFO	Running command: "C:\\Program Files\\Mozilla Firefox\\firefox.exe" "--marionette" "--remote-debugging-port" "62908" "-no-remote" "-profile" "C:\\Users\\Michael\\AppData\\Local\\Temp\\rust_mozprofileOTzfdr"
1644600528996	Marionette	INFO	Marionette enabled
console.warn: SearchSettings: "get: No settings file exists, new profile?" (new NotFoundError("Could not open the file at C:\\Users\\Michael\\AppData\\Local\\Temp\\rust_mozprofileOTzfdr\\search.json.mozlz4", (void 0)))
DevTools listening on ws://localhost:62908/devtools/browser/70b2628e-262d-4715-9874-9f29621743e7
1644600530608	Marionette	INFO	Listening on port 62913
1644600530749	RemoteAgent	WARN	TLS certificate errors will be ignored for this session
console.warn: LoginRecipes: "getRecipes: falling back to a synchronous message for:" "https://github.com"
console.warn: LoginRecipes: "getRecipes: falling back to a synchronous message for:" "https://github.com"
JavaScript error: resource://gre/modules/LoginManagerParent.jsm, line 136: TypeError: gRecipeManager is null
JavaScript error: https://instructure-uploads.s3.amazonaws.com/account_73010000000000001/attachments/15052561/uncc_canvas.js, line 192: TypeError: document.getElementById(...) is null
console.warn: LoginRecipes: "getRecipes: falling back to a synchronous message for:" "https://webauth.uncc.edu"
JavaScript error: resource://gre/modules/LoginManagerParent.jsm, line 136: TypeError: gRecipeManager is null
console.warn: LoginRecipes: "getRecipes: falling back to a synchronous message for:" "https://webauth.uncc.edu"
JavaScript error: resource://gre/modules/LoginManagerParent.jsm, line 136: TypeError: gRecipeManager is null
console.warn: LoginRecipes: "getRecipes: falling back to a synchronous message for:" "https://api-c9cc3e0e.duosecurity.com"
JavaScript error: resource://gre/modules/LoginManagerParent.jsm, line 136: TypeError: gRecipeManager is null
console.warn: LoginRecipes: "getRecipes: falling back to a synchronous message for:" "https://api-c9cc3e0e.duosecurity.com"
JavaScript error: resource://gre/modules/LoginManagerParent.jsm, line 136: TypeError: gRecipeManager is null
1644600538891	Marionette	WARN	Ignoring event 'DOMContentLoaded' because document has an invalid readyState of 'complete'.
console.warn: LoginRecipes: "getRecipes: falling back to a synchronous message for:" "https://api-c9cc3e0e.duosecurity.com"
JavaScript error: resource://gre/modules/LoginManagerParent.jsm, line 136: TypeError: gRecipeManager is null
console.warn: LoginRecipes: "getRecipes: falling back to a synchronous message for:" "https://api-c9cc3e0e.duosecurity.com"
JavaScript error: resource://gre/modules/LoginManagerParent.jsm, line 136: TypeError: gRecipeManager is null
console.warn: LoginRecipes: "getRecipes: falling back to a synchronous message for:" "https://webauth.uncc.edu"
JavaScript error: resource://gre/modules/LoginManagerParent.jsm, line 136: TypeError: gRecipeManager is null
console.warn: LoginRecipes: "getRecipes: falling back to a synchronous message for:" "https://webauth.uncc.edu"
JavaScript error: resource://gre/modules/LoginManagerParent.jsm, line 136: TypeError: gRecipeManager is null
console.warn: LoginRecipes: "getRecipes: falling back to a synchronous message for:" "https://webauth.uncc.edu"
JavaScript error: resource://gre/modules/LoginManagerParent.jsm, line 136: TypeError: gRecipeManager is null
console.warn: LoginRecipes: "getRecipes: falling back to a synchronous message for:" "https://webauth.uncc.edu"
JavaScript error: resource://gre/modules/LoginManagerParent.jsm, line 136: TypeError: gRecipeManager is null
JavaScript error: https://instructure-uploads.s3.amazonaws.com/account_73010000000000001/attachments/15052561/uncc_canvas.js, line 192: TypeError: document.getElementById(...) is null
JavaScript error: https://instructure-uploads.s3.amazonaws.com/account_73010000000000001/attachments/15052561/uncc_canvas.js, line 192: TypeError: document.getElementById(...) is null
1644600595861	Marionette	INFO	Stopped listening on port 62913
console.warn: TopSitesFeed: Failed to fetch data from Contile server: NetworkError when attempting to fetch resource.

###!!! [Parent][RunMessage] Error: Channel closing: too late to send/recv, messages will be lost

1644600614609	geckodriver	INFO	Listening on 127.0.0.1:63033
1644600617698	mozrunner::runner	INFO	Running command: "C:\\Program Files\\Mozilla Firefox\\firefox.exe" "--marionette" "--remote-debugging-port" "63034" "-no-remote" "-profile" "C:\\Users\\Michael\\AppData\\Local\\Temp\\rust_mozprofilebUbxbj"
1644600618004	Marionette	INFO	Marionette enabled
console.warn: SearchSettings: "get: No settings file exists, new profile?" (new NotFoundError("Could not open the file at C:\\Users\\Michael\\AppData\\Local\\Temp\\rust_mozprofilebUbxbj\\search.json.mozlz4", (void 0)))
DevTools listening on ws://localhost:63034/devtools/browser/916ed365-00c3-45ac-a8bb-e234df8489ea
1644600619642	Marionette	INFO	Listening on port 63039
1644600619744	RemoteAgent	WARN	TLS certificate errors will be ignored for this session
console.warn: LoginRecipes: "getRecipes: falling back to a synchronous message for:" "https://github.com"
console.warn: LoginRecipes: "getRecipes: falling back to a synchronous message for:" "https://github.com"
JavaScript error: resource://gre/modules/LoginManagerParent.jsm, line 136: TypeError: gRecipeManager is null
JavaScript error: https://instructure-uploads.s3.amazonaws.com/account_73010000000000001/attachments/15052561/uncc_canvas.js, line 192: TypeError: document.getElementById(...) is null
console.warn: LoginRecipes: "getRecipes: falling back to a synchronous message for:" "https://webauth.uncc.edu"
JavaScript error: resource://gre/modules/LoginManagerParent.jsm, line 136: TypeError: gRecipeManager is null
console.warn: LoginRecipes: "getRecipes: falling back to a synchronous message for:" "https://webauth.uncc.edu"
JavaScript error: resource://gre/modules/LoginManagerParent.jsm, line 136: TypeError: gRecipeManager is null
console.warn: LoginRecipes: "getRecipes: falling back to a synchronous message for:" "https://api-c9cc3e0e.duosecurity.com"
JavaScript error: resource://gre/modules/LoginManagerParent.jsm, line 136: TypeError: gRecipeManager is null
console.warn: LoginRecipes: "getRecipes: falling back to a synchronous message for:" "https://api-c9cc3e0e.duosecurity.com"
JavaScript error: resource://gre/modules/LoginManagerParent.jsm, line 136: TypeError: gRecipeManager is null
1644600627429	Marionette	WARN	Ignoring event 'DOMContentLoaded' because document has an invalid readyState of 'complete'.
console.warn: LoginRecipes: "getRecipes: falling back to a synchronous message for:" "https://api-c9cc3e0e.duosecurity.com"
JavaScript error: resource://gre/modules/LoginManagerParent.jsm, line 136: TypeError: gRecipeManager is null
console.warn: LoginRecipes: "getRecipes: falling back to a synchronous message for:" "https://api-c9cc3e0e.duosecurity.com"
JavaScript error: resource://gre/modules/LoginManagerParent.jsm, line 136: TypeError: gRecipeManager is null
console.warn: LoginRecipes: "getRecipes: falling back to a synchronous message for:" "https://webauth.uncc.edu"
JavaScript error: resource://gre/modules/LoginManagerParent.jsm, line 136: TypeError: gRecipeManager is null
console.warn: LoginRecipes: "getRecipes: falling back to a synchronous message for:" "https://webauth.uncc.edu"
JavaScript error: resource://gre/modules/LoginManagerParent.jsm, line 136: TypeError: gRecipeManager is null
console.warn: LoginRecipes: "getRecipes: falling back to a synchronous message for:" "https://webauth.uncc.edu"
JavaScript error: resource://gre/modules/LoginManagerParent.jsm, line 136: TypeError: gRecipeManager is null
console.warn: LoginRecipes: "getRecipes: falling back to a synchronous message for:" "https://webauth.uncc.edu"
JavaScript error: resource://gre/modules/LoginManagerParent.jsm, line 136: TypeError: gRecipeManager is null
JavaScript error: https://instructure-uploads.s3.amazonaws.com/account_73010000000000001/attachments/15052561/uncc_canvas.js, line 192: TypeError: document.getElementById(...) is null
JavaScript error: https://instructure-uploads.s3.amazonaws.com/account_73010000000000001/attachments/15052561/uncc_canvas.js, line 192: TypeError: document.getElementById(...) is null
JavaScript error: https://instructure-uploads.s3.amazonaws.com/account_73010000000000001/attachments/15052561/uncc_canvas.js, line 192: TypeError: document.getElementById(...) is null
1644601143131	Marionette	INFO	Stopped listening on port 63039
console.warn: TopSitesFeed: Failed to fetch data from Contile server: NetworkError when attempting to fetch resource.

###!!! [Parent][RunMessage] Error: Channel closing: too late to send/recv, messages will be lost

1644634949175	geckodriver	INFO	Listening on 127.0.0.1:57489
1644634952256	mozrunner::runner	INFO	Running command: "C:\\Program Files\\Mozilla Firefox\\firefox.exe" "--marionette" "--remote-debugging-port" "57490" "-no-remote" "-profile" "C:\\Users\\Michael\\AppData\\Local\\Temp\\rust_mozprofileAFtjyz"
1644634952654	Marionette	INFO	Marionette enabled
console.warn: SearchSettings: "get: No settings file exists, new profile?" (new NotFoundError("Could not open the file at C:\\Users\\Michael\\AppData\\Local\\Temp\\rust_mozprofileAFtjyz\\search.json.mozlz4", (void 0)))
DevTools listening on ws://localhost:57490/devtools/browser/e47576d3-bf44-473c-88cc-c43534d1bf6c
1644634954465	Marionette	INFO	Listening on port 57495
1644634954931	RemoteAgent	WARN	TLS certificate errors will be ignored for this session
console.warn: LoginRecipes: "getRecipes: falling back to a synchronous message for:" "https://github.com"
console.warn: LoginRecipes: "getRecipes: falling back to a synchronous message for:" "https://github.com"
JavaScript error: resource://gre/modules/LoginManagerParent.jsm, line 136: TypeError: gRecipeManager is null
JavaScript error: https://instructure-uploads.s3.amazonaws.com/account_73010000000000001/attachments/15052561/uncc_canvas.js, line 192: TypeError: document.getElementById(...) is null
console.warn: LoginRecipes: "getRecipes: falling back to a synchronous message for:" "https://webauth.uncc.edu"
JavaScript error: resource://gre/modules/LoginManagerParent.jsm, line 136: TypeError: gRecipeManager is null
console.warn: LoginRecipes: "getRecipes: falling back to a synchronous message for:" "https://webauth.uncc.edu"
JavaScript error: resource://gre/modules/LoginManagerParent.jsm, line 136: TypeError: gRecipeManager is null
console.warn: LoginRecipes: "getRecipes: falling back to a synchronous message for:" "https://api-c9cc3e0e.duosecurity.com"
JavaScript error: resource://gre/modules/LoginManagerParent.jsm, line 136: TypeError: gRecipeManager is null
console.warn: LoginRecipes: "getRecipes: falling back to a synchronous message for:" "https://api-c9cc3e0e.duosecurity.com"
JavaScript error: resource://gre/modules/LoginManagerParent.jsm, line 136: TypeError: gRecipeManager is null
1644634963515	Marionette	WARN	Ignoring event 'DOMContentLoaded' because document has an invalid readyState of 'complete'.
console.warn: LoginRecipes: "getRecipes: falling back to a synchronous message for:" "https://api-c9cc3e0e.duosecurity.com"
JavaScript error: resource://gre/modules/LoginManagerParent.jsm, line 136: TypeError: gRecipeManager is null
console.warn: LoginRecipes: "getRecipes: falling back to a synchronous message for:" "https://api-c9cc3e0e.duosecurity.com"
JavaScript error: resource://gre/modules/LoginManagerParent.jsm, line 136: TypeError: gRecipeManager is null
console.warn: LoginRecipes: "getRecipes: falling back to a synchronous message for:" "https://webauth.uncc.edu"
JavaScript error: resource://gre/modules/LoginManagerParent.jsm, line 136: TypeError: gRecipeManager is null
console.warn: LoginRecipes: "getRecipes: falling back to a synchronous message for:" "https://webauth.uncc.edu"
JavaScript error: resource://gre/modules/LoginManagerParent.jsm, line 136: TypeError: gRecipeManager is null
console.warn: LoginRecipes: "getRecipes: falling back to a synchronous message for:" "https://webauth.uncc.edu"
JavaScript error: resource://gre/modules/LoginManagerParent.jsm, line 136: TypeError: gRecipeManager is null
console.warn: LoginRecipes: "getRecipes: falling back to a synchronous message for:" "https://webauth.uncc.edu"
JavaScript error: resource://gre/modules/LoginManagerParent.jsm, line 136: TypeError: gRecipeManager is null
JavaScript error: https://instructure-uploads.s3.amazonaws.com/account_73010000000000001/attachments/15052561/uncc_canvas.js, line 192: TypeError: document.getElementById(...) is null
JavaScript error: https://instructure-uploads.s3.amazonaws.com/account_73010000000000001/attachments/15052561/uncc_canvas.js, line 192: TypeError: document.getElementById(...) is null
JavaScript error: https://instructure-uploads.s3.amazonaws.com/account_73010000000000001/attachments/15052561/uncc_canvas.js, line 192: TypeError: document.getElementById(...) is null
1644634996910	Marionette	INFO	Stopped listening on port 57495
console.warn: TopSitesFeed: Failed to fetch data from Contile server: NetworkError when attempting to fetch resource.

###!!! [Parent][RunMessage] Error: Channel closing: too late to send/recv, messages will be lost

1644991682328	geckodriver	INFO	Listening on 127.0.0.1:60200
1644991685437	mozrunner::runner	INFO	Running command: "C:\\Program Files\\Mozilla Firefox\\firefox.exe" "--marionette" "--remote-debugging-port" "60201" "-no-remote" "-profile" "C:\\Users\\Michael\\AppData\\Local\\Temp\\rust_mozprofileuFaWNF"
1644991686197	Marionette	INFO	Marionette enabled
console.warn: SearchSettings: "get: No settings file exists, new profile?" (new NotFoundError("Could not open the file at C:\\Users\\Michael\\AppData\\Local\\Temp\\rust_mozprofileuFaWNF\\search.json.mozlz4", (void 0)))
DevTools listening on ws://localhost:60201/devtools/browser/4036e3ef-367a-45c1-8b93-8f1b652bca7b
1644991688709	Marionette	INFO	Listening on port 60207
1644991689150	RemoteAgent	WARN	TLS certificate errors will be ignored for this session
console.warn: LoginRecipes: "getRecipes: falling back to a synchronous message for:" "https://github.com"
console.warn: LoginRecipes: "getRecipes: falling back to a synchronous message for:" "https://github.com"
JavaScript error: resource://gre/modules/LoginManagerParent.jsm, line 136: TypeError: gRecipeManager is null
JavaScript error: https://instructure-uploads.s3.amazonaws.com/account_73010000000000001/attachments/15052561/uncc_canvas.js, line 192: TypeError: document.getElementById(...) is null
console.warn: LoginRecipes: "getRecipes: falling back to a synchronous message for:" "https://webauth.uncc.edu"
JavaScript error: resource://gre/modules/LoginManagerParent.jsm, line 136: TypeError: gRecipeManager is null
console.warn: LoginRecipes: "getRecipes: falling back to a synchronous message for:" "https://webauth.uncc.edu"
JavaScript error: resource://gre/modules/LoginManagerParent.jsm, line 136: TypeError: gRecipeManager is null
console.warn: LoginRecipes: "getRecipes: falling back to a synchronous message for:" "https://api-c9cc3e0e.duosecurity.com"
JavaScript error: resource://gre/modules/LoginManagerParent.jsm, line 136: TypeError: gRecipeManager is null
console.warn: LoginRecipes: "getRecipes: falling back to a synchronous message for:" "https://api-c9cc3e0e.duosecurity.com"
JavaScript error: resource://gre/modules/LoginManagerParent.jsm, line 136: TypeError: gRecipeManager is null
1644991697214	Marionette	WARN	Ignoring event 'DOMContentLoaded' because document has an invalid readyState of 'complete'.
console.warn: LoginRecipes: "getRecipes: falling back to a synchronous message for:" "https://api-c9cc3e0e.duosecurity.com"
JavaScript error: resource://gre/modules/LoginManagerParent.jsm, line 136: TypeError: gRecipeManager is null
console.warn: LoginRecipes: "getRecipes: falling back to a synchronous message for:" "https://api-c9cc3e0e.duosecurity.com"
JavaScript error: resource://gre/modules/LoginManagerParent.jsm, line 136: TypeError: gRecipeManager is null
console.warn: LoginRecipes: "getRecipes: falling back to a synchronous message for:" "https://webauth.uncc.edu"
JavaScript error: resource://gre/modules/LoginManagerParent.jsm, line 136: TypeError: gRecipeManager is null
console.warn: LoginRecipes: "getRecipes: falling back to a synchronous message for:" "https://webauth.uncc.edu"
JavaScript error: resource://gre/modules/LoginManagerParent.jsm, line 136: TypeError: gRecipeManager is null
console.warn: LoginRecipes: "getRecipes: falling back to a synchronous message for:" "https://webauth.uncc.edu"
JavaScript error: resource://gre/modules/LoginManagerParent.jsm, line 136: TypeError: gRecipeManager is null
console.warn: LoginRecipes: "getRecipes: falling back to a synchronous message for:" "https://webauth.uncc.edu"
JavaScript error: resource://gre/modules/LoginManagerParent.jsm, line 136: TypeError: gRecipeManager is null
JavaScript error: https://instructure-uploads.s3.amazonaws.com/account_73010000000000001/attachments/15052561/uncc_canvas.js, line 192: TypeError: document.getElementById(...) is null
JavaScript error: https://instructure-uploads.s3.amazonaws.com/account_73010000000000001/attachments/15052561/uncc_canvas.js, line 192: TypeError: document.getElementById(...) is null
JavaScript error: https://instructure-uploads.s3.amazonaws.com/account_73010000000000001/attachments/15052561/uncc_canvas.js, line 192: TypeError: document.getElementById(...) is null
JavaScript error: resource://gre/modules/AsyncShutdown.jsm, line 575: NotFoundError: No such JSWindowActor 'DevToolsFrame'
1644991882210	Marionette	INFO	Stopped listening on port 60207

###!!! [Parent][RunMessage] Error: Channel closing: too late to send/recv, messages will be lost

rofile2IaLei"
1644991873425	Marionette	INFO	Marionette enabled
console.warn: SearchSettings: "get: No settings file exists, new profile?" (new NotFoundError("Could not open the file at C:\\Users\\Michael\\AppData\\Local\\Temp\\rust_mozprofile2IaLei\\search.json.mozlz4", (void 0)))
DevTools listening on ws://localhost:60424/devtools/browser/35991953-5847-42a1-a968-bd59125b1138
1644991875297	Marionette	INFO	Listening on port 60430
1644991875807	RemoteAgent	WARN	TLS certificate errors will be ignored for this session
console.warn: LoginRecipes: "getRecipes: falling back to a synchronous message for:" "https://github.com"
console.warn: LoginRecipes: "getRecipes: falling back to a synchronous message for:" "https://github.com"
JavaScript error: resource://gre/modules/LoginManagerParent.jsm, line 136: TypeError: gRecipeManager is null
JavaScript error: https://instructure-uploads.s3.amazonaws.com/account_73010000000000001/attachments/15052561/uncc_canvas.js, line 192: TypeError: document.getElementById(...) is null
console.warn: LoginRecipes: "getRecipes: falling back to a synchronous message for:" "https://webauth.uncc.edu"
JavaScript error: resource://gre/modules/LoginManagerParent.jsm, line 136: TypeError: gRecipeManager is null
console.warn: LoginRecipes: "getRecipes: falling back to a synchronous message for:" "https://webauth.uncc.edu"
JavaScript error: resource://gre/modules/LoginManagerParent.jsm, line 136: TypeError: gRecipeManager is null
console.warn: LoginRecipes: "getRecipes: falling back to a synchronous message for:" "https://api-c9cc3e0e.duosecurity.com"
JavaScript error: resource://gre/modules/LoginManagerParent.jsm, line 136: TypeError: gRecipeManager is null
console.warn: LoginRecipes: "getRecipes: falling back to a synchronous message for:" "https://api-c9cc3e0e.duosecurity.com"
JavaScript error: resource://gre/modules/LoginManagerParent.jsm, line 136: TypeError: gRecipeManager is null
1644991883209	Marionette	WARN	Ignoring event 'DOMContentLoaded' because document has an invalid readyState of 'complete'.
console.warn: LoginRecipes: "getRecipes: falling back to a synchronous message for:" "https://api-c9cc3e0e.duosecurity.com"
JavaScript error: resource://gre/modules/LoginManagerParent.jsm, line 136: TypeError: gRecipeManager is null
console.warn: LoginRecipes: "getRecipes: falling back to a synchronous message for:" "https://api-c9cc3e0e.duosecurity.com"
JavaScript error: resource://gre/modules/LoginManagerParent.jsm, line 136: TypeError: gRecipeManager is null
console.warn: LoginRecipes: "getRecipes: falling back to a synchronous message for:" "https://webauth.uncc.edu"
JavaScript error: resource://gre/modules/LoginManagerParent.jsm, line 136: TypeError: gRecipeManager is null
console.warn: LoginRecipes: "getRecipes: falling back to a synchronous message for:" "https://webauth.uncc.edu"
JavaScript error: resource://gre/modules/LoginManagerParent.jsm, line 136: TypeError: gRecipeManager is null
console.warn: LoginRecipes: "getRecipes: falling back to a synchronous message for:" "https://webauth.uncc.edu"
JavaScript error: resource://gre/modules/LoginManagerParent.jsm, line 136: TypeError: gRecipeManager is null
console.warn: LoginRecipes: "getRecipes: falling back to a synchronous message for:" "https://webauth.uncc.edu"
JavaScript error: resource://gre/modules/LoginManagerParent.jsm, line 136: TypeError: gRecipeManager is null
JavaScript error: https://instructure-uploads.s3.amazonaws.com/account_73010000000000001/attachments/15052561/uncc_canvas.js, line 192: TypeError: document.getElementById(...) is null
JavaScript error: https://instructure-uploads.s3.amazonaws.com/account_73010000000000001/attachments/15052561/uncc_canvas.js, line 192: TypeError: document.getElementById(...) is null
JavaScript error: https://instructure-uploads.s3.amazonaws.com/account_73010000000000001/attachments/15052561/uncc_canvas.js, line 192: TypeError: document.getElementById(...) is null
1644991976747	Marionette	INFO	Stopped listening on port 60430
console.warn: TopSitesFeed: Failed to fetch data from Contile server: NetworkError when attempting to fetch resource.

###!!! [Parent][RunMessage] Error: Channel closing: too late to send/recv, messages will be lost

1644991978405	geckodriver	INFO	Listening on 127.0.0.1:60593
1644991981502	mozrunner::runner	INFO	Running command: "C:\\Program Files\\Mozilla Firefox\\firefox.exe" "--marionette" "--remote-debugging-port" "60594" "-no-remote" "-profile" "C:\\Users\\Michael\\AppData\\Local\\Temp\\rust_mozprofileQsqGuu"
1644991981867	Marionette	INFO	Marionette enabled
console.warn: SearchSettings: "get: No settings file exists, new profile?" (new NotFoundError("Could not open the file at C:\\Users\\Michael\\AppData\\Local\\Temp\\rust_mozprofileQsqGuu\\search.json.mozlz4", (void 0)))
DevTools listening on ws://localhost:60594/devtools/browser/c64567d2-b3aa-4e0e-97f4-850bd1a6c278
1644991983604	Marionette	INFO	Listening on port 60600
1644991983651	RemoteAgent	WARN	TLS certificate errors will be ignored for this session
console.warn: LoginRecipes: "getRecipes: falling back to a synchronous message for:" "https://github.com"
console.warn: LoginRecipes: "getRecipes: falling back to a synchronous message for:" "https://github.com"
JavaScript error: resource://gre/modules/LoginManagerParent.jsm, line 136: TypeError: gRecipeManager is null
JavaScript error: https://instructure-uploads.s3.amazonaws.com/account_73010000000000001/attachments/15052561/uncc_canvas.js, line 192: TypeError: document.getElementById(...) is null
console.warn: LoginRecipes: "getRecipes: falling back to a synchronous message for:" "https://webauth.uncc.edu"
JavaScript error: resource://gre/modules/LoginManagerParent.jsm, line 136: TypeError: gRecipeManager is null
console.warn: LoginRecipes: "getRecipes: falling back to a synchronous message for:" "https://webauth.uncc.edu"
JavaScript error: resource://gre/modules/LoginManagerParent.jsm, line 136: TypeError: gRecipeManager is null
console.warn: LoginRecipes: "getRecipes: falling back to a synchronous message for:" "https://api-c9cc3e0e.duosecurity.com"
JavaScript error: resource://gre/modules/LoginManagerParent.jsm, line 136: TypeError: gRecipeManager is null
console.warn: LoginRecipes: "getRecipes: falling back to a synchronous message for:" "https://api-c9cc3e0e.duosecurity.com"
JavaScript error: resource://gre/modules/LoginManagerParent.jsm, line 136: TypeError: gRecipeManager is null
1644991991642	Marionette	WARN	Ignoring event 'DOMContentLoaded' because document has an invalid readyState of 'complete'.
console.warn: LoginRecipes: "getRecipes: falling back to a synchronous message for:" "https://api-c9cc3e0e.duosecurity.com"
JavaScript error: resource://gre/modules/LoginManagerParent.jsm, line 136: TypeError: gRecipeManager is null
console.warn: LoginRecipes: "getRecipes: falling back to a synchronous message for:" "https://api-c9cc3e0e.duosecurity.com"
JavaScript error: resource://gre/modules/LoginManagerParent.jsm, line 136: TypeError: gRecipeManager is null
console.warn: LoginRecipes: "getRecipes: falling back to a synchronous message for:" "https://webauth.uncc.edu"
JavaScript error: resource://gre/modules/LoginManagerParent.jsm, line 136: TypeError: gRecipeManager is null
console.warn: LoginRecipes: "getRecipes: falling back to a synchronous message for:" "https://webauth.uncc.edu"
JavaScript error: resource://gre/modules/LoginManagerParent.jsm, line 136: TypeError: gRecipeManager is null
console.warn: LoginRecipes: "getRecipes: falling back to a synchronous message for:" "https://webauth.uncc.edu"
JavaScript error: resource://gre/modules/LoginManagerParent.jsm, line 136: TypeError: gRecipeManager is null
console.warn: LoginRecipes: "getRecipes: falling back to a synchronous message for:" "https://webauth.uncc.edu"
JavaScript error: resource://gre/modules/LoginManagerParent.jsm, line 136: TypeError: gRecipeManager is null
JavaScript error: https://instructure-uploads.s3.amazonaws.com/account_73010000000000001/attachments/15052561/uncc_canvas.js, line 192: TypeError: document.getElementById(...) is null
JavaScript error: https://instructure-uploads.s3.amazonaws.com/account_73010000000000001/attachments/15052561/uncc_canvas.js, line 192: TypeError: document.getElementById(...) is null
JavaScript error: https://instructure-uploads.s3.amazonaws.com/account_73010000000000001/attachments/15052561/uncc_canvas.js, line 192: TypeError: document.getElementById(...) is null
console.warn: LoginRecipes: "getRecipes: falling back to a synchronous message for:" "https://uncc.instructure.com"
JavaScript error: resource://gre/modules/LoginManagerParent.jsm, line 136: TypeError: gRecipeManager is null
JavaScript error: https://instructure-uploads.s3.amazonaws.com/account_73010000000000001/attachments/15052561/uncc_canvas.js, line 192: TypeError: document.getElementById(...) is null
JavaScript error: https://instructure-uploads.s3.amazonaws.com/account_73010000000000001/attachments/15052561/uncc_canvas.js, line 192: TypeError: document.getElementById(...) is null
JavaScript error: https://instructure-uploads.s3.amazonaws.com/account_73010000000000001/attachments/15052561/uncc_canvas.js, line 192: TypeError: document.getElementById(...) is null
1644992054301	Marionette	INFO	Stopped listening on port 60600
console.warn: TopSitesFeed: Failed to fetch data from Contile server: NetworkError when attempting to fetch resource.

###!!! [Parent][RunMessage] Error: Channel closing: too late to send/recv, messages will be lost

1644992081556	geckodriver	INFO	Listening on 127.0.0.1:60783
1644992084667	mozrunner::runner	INFO	Running command: "C:\\Program Files\\Mozilla Firefox\\firefox.exe" "--marionette" "--remote-debugging-port" "60784" "-no-remote" "-profile" "C:\\Users\\Michael\\AppData\\Local\\Temp\\rust_mozprofileJf7BZf"
1644992084999	Marionette	INFO	Marionette enabled
console.warn: SearchSettings: "get: No settings file exists, new profile?" (new NotFoundError("Could not open the file at C:\\Users\\Michael\\AppData\\Local\\Temp\\rust_mozprofileJf7BZf\\search.json.mozlz4", (void 0)))
DevTools listening on ws://localhost:60784/devtools/browser/60040ce3-bba1-4537-8a51-b0bf69a39188
1644992086594	Marionette	INFO	Listening on port 60791
1644992086722	RemoteAgent	WARN	TLS certificate errors will be ignored for this session
console.warn: LoginRecipes: "getRecipes: falling back to a synchronous message for:" "https://github.com"
console.warn: LoginRecipes: "getRecipes: falling back to a synchronous message for:" "https://github.com"
JavaScript error: resource://gre/modules/LoginManagerParent.jsm, line 136: TypeError: gRecipeManager is null
JavaScript error: resource://gre/actors/ContentMetaChild.jsm, line 179: InvalidStateError: JSWindowActorChild.sendAsyncMessage: JSWindowActorChild cannot send at the moment
JavaScript error: https://instructure-uploads.s3.amazonaws.com/account_73010000000000001/attachments/15052561/uncc_canvas.js, line 192: TypeError: document.getElementById(...) is null
console.warn: LoginRecipes: "getRecipes: falling back to a synchronous message for:" "https://webauth.uncc.edu"
JavaScript error: resource://gre/modules/LoginManagerParent.jsm, line 136: TypeError: gRecipeManager is null
console.warn: LoginRecipes: "getRecipes: falling back to a synchronous message for:" "https://webauth.uncc.edu"
JavaScript error: resource://gre/modules/LoginManagerParent.jsm, line 136: TypeError: gRecipeManager is null
console.warn: LoginRecipes: "getRecipes: falling back to a synchronous message for:" "https://api-c9cc3e0e.duosecurity.com"
JavaScript error: resource://gre/modules/LoginManagerParent.jsm, line 136: TypeError: gRecipeManager is null
console.warn: LoginRecipes: "getRecipes: falling back to a synchronous message for:" "https://api-c9cc3e0e.duosecurity.com"
JavaScript error: resource://gre/modules/LoginManagerParent.jsm, line 136: TypeError: gRecipeManager is null
1644992094634	Marionette	WARN	Ignoring event 'DOMContentLoaded' because document has an invalid readyState of 'complete'.
console.warn: LoginRecipes: "getRecipes: falling back to a synchronous message for:" "https://api-c9cc3e0e.duosecurity.com"
JavaScript error: resource://gre/modules/LoginManagerParent.jsm, line 136: TypeError: gRecipeManager is null
console.warn: LoginRecipes: "getRecipes: falling back to a synchronous message for:" "https://api-c9cc3e0e.duosecurity.com"
JavaScript error: resource://gre/modules/LoginManagerParent.jsm, line 136: TypeError: gRecipeManager is null
console.warn: LoginRecipes: "getRecipes: falling back to a synchronous message for:" "https://webauth.uncc.edu"
JavaScript error: resource://gre/modules/LoginManagerParent.jsm, line 136: TypeError: gRecipeManager is null
console.warn: LoginRecipes: "getRecipes: falling back to a synchronous message for:" "https://webauth.uncc.edu"
JavaScript error: resource://gre/modules/LoginManagerParent.jsm, line 136: TypeError: gRecipeManager is null
console.warn: LoginRecipes: "getRecipes: falling back to a synchronous message for:" "https://webauth.uncc.edu"
JavaScript error: resource://gre/modules/LoginManagerParent.jsm, line 136: TypeError: gRecipeManager is null
console.warn: LoginRecipes: "getRecipes: falling back to a synchronous message for:" "https://webauth.uncc.edu"
JavaScript error: resource://gre/modules/LoginManagerParent.jsm, line 136: TypeError: gRecipeManager is null
JavaScript error: https://instructure-uploads.s3.amazonaws.com/account_73010000000000001/attachments/15052561/uncc_canvas.js, line 192: TypeError: document.getElementById(...) is null
JavaScript error: https://instructure-uploads.s3.amazonaws.com/account_73010000000000001/attachments/15052561/uncc_canvas.js, line 192: TypeError: document.getElementById(...) is null
JavaScript error: https://instructure-uploads.s3.amazonaws.com/account_73010000000000001/attachments/15052561/uncc_canvas.js, line 192: TypeError: document.getElementById(...) is null
console.warn: LoginRecipes: "getRecipes: falling back to a synchronous message for:" "https://uncc.instructure.com"
JavaScript error: resource://gre/modules/LoginManagerParent.jsm, line 136: TypeError: gRecipeManager is null
JavaScript error: https://instructure-uploads.s3.amazonaws.com/account_73010000000000001/attachments/15052561/uncc_canvas.js, line 192: TypeError: document.getElementById(...) is null
JavaScript error: https://instructure-uploads.s3.amazonaws.com/account_73010000000000001/attachments/15052561/uncc_canvas.js, line 192: TypeError: document.getElementById(...) is null
JavaScript error: https://instructure-uploads.s3.amazonaws.com/account_73010000000000001/attachments/15052561/uncc_canvas.js, line 192: TypeError: document.getElementById(...) is null
JavaScript error: https://instructure-uploads.s3.amazonaws.com/account_73010000000000001/attachments/15052561/uncc_canvas.js, line 192: TypeError: document.getElementById(...) is null
JavaScript error: resource://devtools/server/connectors/js-window-actor/DevToolsFrameParent.jsm, line 217: TypeError: watcher is undefined
JavaScript error: resource://devtools/server/connectors/js-window-actor/DevToolsFrameParent.jsm, line 217: TypeError: watcher is undefined
JavaScript error: resource://gre/modules/AsyncShutdown.jsm, 1644992715504	mozrunner::runner	INFO	Running command: "C:\\Program Files\\Mozilla Firefox\\firefox.exe" "--marionette" "--remotconsole.warn: TopSitesFeed: Failed to fetch data from Contile server: NetworkError when attempting to fetch resource1644992715841	Marionette	INFO	Marionette enabled
console.warn: SearchSettings: "get: No settings file exists, new profile?" (new NotFoundError("Could not open the file at C:\\Users\\Michael\\AppData\\Local\\Temp\\rust_mozprofilejyExj6\\search.json.mozlz4", (void 0)))
DevTools listening on ws://localhost:61191/devtools/browser/f20a36e3-d75e-4c53-9dfd-2e4d4258d1f8
1644992717567	Marionette	INFO	Listening on port 61196
1644992717655	RemoteAgent	WARN	TLS certificate errors will be ignored for this session
console.warn: LoginRecipes: "getRecipes: falling back to a synchronous message for:" "https://github.com"
console.warn: LoginRecipes: "getRecipes: falling back to a synchronous message for:" "https://github.com"
JavaScript error: resource://gre/modules/LoginManagerParent.jsm, line 136: TypeError: gRecipeManager is null
JavaScript error: https://instructure-uploads.s3.amazonaws.com/account_73010000000000001/attachments/15052561/uncc_canvas.js, line 192: TypeError: document.getElementById(...) is null
console.warn: LoginRecipes: "getRecipes: falling back to a synchronous message for:" "https://webauth.uncc.edu"
JavaScript error: resource://gre/modules/LoginManagerParent.jsm, line 136: TypeError: gRecipeManager is null
console.warn: LoginRecipes: "getRecipes: falling back to a synchronous message for:" "https://webauth.uncc.edu"
JavaScript error: resource://gre/modules/LoginManagerParent.jsm, line 136: TypeError: gRecipeManager is null
1644992727185	Marionette	INFO	Stopped listening on port 61196
console.warn: TopSitesFeed: Failed to fetch data from Contile server: NetworkError when attempting to fetch resource.
JavaScript error: chrome://remote/content/marionette/cert.js, line 55: NS_ERROR_NOT_AVAILABLE: Component returned failure code: 0x80040111 (NS_ERROR_NOT_AVAILABLE) [nsICertOverrideService.setDisableAllSecurityChecksAndLetAttackersInterceptMyData]

###!!! [Parent][RunMessage] Error: Channel closing: too late to send/recv, messages will be lost

1644992758719	geckodriver	INFO	Listening on 127.0.0.1:63666
1644992761845	mozrunner::runner	INFO	Running command: "C:\\Program Files\\Mozilla Firefox\\firefox.exe" "--marionette" "--remote-debugging-port" "63667" "-no-remote" "-profile" "C:\\Users\\Michael\\AppData\\Local\\Temp\\rust_mozprofileWp4jQO"
1644992762140	Marionette	INFO	Marionette enabled
console.warn: SearchSettings: "get: No settings file exists, new profile?" (new NotFoundError("Could not open the file at C:\\Users\\Michael\\AppData\\Local\\Temp\\rust_mozprofileWp4jQO\\search.json.mozlz4", (void 0)))
DevTools listening on ws://localhost:63667/devtools/browser/174fef18-4f0f-4bef-ae31-b9158d2b94c9
1644992764028	Marionette	INFO	Listening on port 63672
1644992764522	RemoteAgent	WARN	TLS certificate errors will be ignored for this session
console.warn: LoginRecipes: "getRecipes: falling back to a synchronous message for:" "https://github.com"
console.warn: LoginRecipes: "getRecipes: falling back to a synchronous message for:" "https://github.com"
JavaScript error: resource://gre/modules/LoginManagerParent.jsm, line 136: TypeError: gRecipeManager is null
JavaScript error: https://instructure-uploads.s3.amazonaws.com/account_73010000000000001/attachments/15052561/uncc_canvas.js, line 192: TypeError: document.getElementById(...) is null
console.warn: LoginRecipes: "getRecipes: falling back to a synchronous message for:" "https://webauth.uncc.edu"
JavaScript error: resource://gre/modules/LoginManagerParent.jsm, line 136: TypeError: gRecipeManager is null
console.warn: LoginRecipes: "getRecipes: falling back to a synchronous message for:" "https://webauth.uncc.edu"
JavaScript error: resource://gre/modules/LoginManagerParent.jsm, line 136: TypeError: gRecipeManager is null
console.warn: LoginRecipes: "getRecipes: falling back to a synchronous message for:" "https://api-c9cc3e0e.duosecurity.com"
JavaScript error: resource://gre/modules/LoginManagerParent.jsm, line 136: TypeError: gRecipeManager is null
console.warn: LoginRecipes: "getRecipes: falling back to a synchronous message for:" "https://api-c9cc3e0e.duosecurity.com"
JavaScript error: resource://gre/modules/LoginManagerParent.jsm, line 136: TypeError: gRecipeManager is null
1644992772897	Marionette	WARN	Ignoring event 'DOMContentLoaded' because document has an invalid readyState of 'complete'.
console.warn: LoginRecipes: "getRecipes: falling back to a synchronous message for:" "https://api-c9cc3e0e.duosecurity.com"
JavaScript error: resource://gre/modules/LoginManagerParent.jsm, line 136: TypeError: gRecipeManager is null
console.warn: LoginRecipes: "getRecipes: falling back to a synchronous message for:" "https://api-c9cc3e0e.duosecurity.com"
JavaScript error: resource://gre/modules/LoginManagerParent.jsm, line 136: TypeError: gRecipeManager is null
console.warn: LoginRecipes: "getRecipes: falling back to a synchronous message for:" "https://webauth.uncc.edu"
JavaScript error: resource://gre/modules/LoginManagerParent.jsm, line 136: TypeError: gRecipeManager is null
console.warn: LoginRecipes: "getRecipes: falling back to a synchronous message for:" "https://webauth.uncc.edu"
JavaScript error: resource://gre/modules/LoginManagerParent.jsm, line 136: TypeError: gRecipeManager is null
console.warn: LoginRecipes: "getRecipes: falling back to a synchronous message for:" "https://webauth.uncc.edu"
JavaScript error: resource://gre/modules/LoginManagerParent.jsm, line 136: TypeError: gRecipeManager is null
console.warn: LoginRecipes: "getRecipes: falling back to a synchronous message for:" "https://webauth.uncc.edu"
JavaScript error: resource://gre/modules/LoginManagerParent.jsm, line 136: TypeError: gRecipeManager is null
JavaScript error: https://instructure-uploads.s3.amazonaws.com/account_73010000000000001/attachments/15052561/uncc_canvas.js, line 192: TypeError: document.getElementById(...) is null
JavaScript error: https://instructure-uploads.s3.amazonaws.com/account_73010000000000001/attachments/15052561/uncc_canvas.js, line 192: TypeError: document.getElementById(...) is null
JavaScript error: https://instructure-uploads.s3.amazonaws.com/account_73010000000000001/attachments/15052561/uncc_canvas.js, line 192: TypeError: document.getElementById(...) is null
console.warn: LoginRecipes: "getRecipes: falling back to a synchronous message for:" "https://uncc.instructure.com"
JavaScript error: resource://gre/modules/LoginManagerParent.jsm, line 136: TypeError: gRecipeManager is null
JavaScript error: https://instructure-uploads.s3.amazonaws.com/account_73010000000000001/attachments/15052561/uncc_canvas.js, line 192: TypeError: document.getElementById(...) is null
JavaScript error: https://instructure-uploads.s3.amazonaws.com/account_73010000000000001/attachments/15052561/uncc_canvas.js, line 192: TypeError: document.getElementById(...) is null
JavaScript error: https://instructure-uploads.s3.amazonaws.com/account_73010000000000001/attachments/15052561/uncc_canvas.js, line 192: TypeError: document.getElementById(...) is null
1644992846472	Marionette	INFO	Stopped listening on port 63672
console.warn: TopSitesFeed: Failed to fetch data from Contile server: NetworkError when attempting to fetch resource.

###!!! [Parent][RunMessage] Error: Channel closing: too late to send/recv, messages will be lost

1644992864640	geckodriver	INFO	Listening on 127.0.0.1:63796
1644992867717	mozrunner::runner	INFO	Running command: "C:\\Program Files\\Mozilla Firefox\\firefox.exe" "--marionette" "--remote-debugging-port" "63797" "-no-remote" "-profile" "C:\\Users\\Michael\\AppData\\Local\\Temp\\rust_mozprofilew0v4Su"
1644992868037	Marionette	INFO	Marionette enabled
console.warn: SearchSettings: "get: No settings file exists, new profile?" (new NotFoundError("Could not open the file at C:\\Users\\Michael\\AppData\\Local\\Temp\\rust_mozprofilew0v4Su\\search.json.mozlz4", (void 0)))
DevTools listening on ws://localhost:63797/devtools/browser/69da9180-878e-4cf1-9cc6-e6a56c2f516c
1644992869884	Marionette	INFO	Listening on port 63802
1644992870389	RemoteAgent	WARN	TLS certificate errors will be ignored for this session
console.warn: LoginRecipes: "getRecipes: falling back to a synchronous message for:" "https://github.com"
console.warn: LoginRecipes: "getRecipes: falling back to a synchronous message for:" "https://github.com"
JavaScript error: resource://gre/modules/LoginManagerParent.jsm, line 136: TypeError: gRecipeManager is null
JavaScript error: https://instructure-uploads.s3.amazonaws.com/account_73010000000000001/attachments/15052561/uncc_canvas.js, line 192: TypeError: document.getElementById(...) is null
console.warn: LoginRecipes: "getRecipes: falling back to a synchronous message for:" "https://webauth.uncc.edu"
JavaScript error: resource://gre/modules/LoginManagerParent.jsm, line 136: TypeError: gRecipeManager is null
console.warn: LoginRecipes: "getRecipes: falling back to a synchronous message for:" "https://webauth.uncc.edu"
JavaScript error: resource://gre/modules/LoginManagerParent.jsm, line 136: TypeError: gRecipeManager is null
console.warn: LoginRecipes: "getRecipes: falling back to a synchronous message for:" "https://api-c9cc3e0e.duosecurity.com"
JavaScript error: resource://gre/modules/LoginManagerParent.jsm, line 136: TypeError: gRecipeManager is null
console.warn: LoginRecipes: "getRecipes: falling back to a synchronous message for:" "https://api-c9cc3e0e.duosecurity.com"
JavaScript error: resource://gre/modules/LoginManagerParent.jsm, line 136: TypeError: gRecipeManager is null
1644992877982	Marionette	WARN	Ignoring event 'DOMContentLoaded' because document has an invalid readyState of 'complete'.
console.warn: LoginRecipes: "getRecipes: falling back to a synchronous message for:" "https://api-c9cc3e0e.duosecurity.com"
JavaScript error: resource://gre/modules/LoginManagerParent.jsm, line 136: TypeError: gRecipeManager is null
console.warn: LoginRecipes: "getRecipes: falling back to a synchronous message for:" "https://api-c9cc3e0e.duosecurity.com"
JavaScript error: resource://gre/modules/LoginManagerParent.jsm, line 136: TypeError: gRecipeManager is null
console.warn: LoginRecipes: "getRecipes: falling back to a synchronous message for:" "https://webauth.uncc.edu"
JavaScript error: resource://gre/modules/LoginManagerParent.jsm, line 136: TypeError: gRecipeManager is null
console.warn: LoginRecipes: "getRecipes: falling back to a synchronous message for:" "https://webauth.uncc.edu"
JavaScript error: resource://gre/modules/LoginManagerParent.jsm, line 136: TypeError: gRecipeManager is null
console.warn: LoginRecipes: "getRecipes: falling back to a synchronous message for:" "https://webauth.uncc.edu"
JavaScript error: resource://gre/modules/LoginManagerParent.jsm, line 136: TypeError: gRecipeManager is null
console.warn: LoginRecipes: "getRecipes: falling back to a synchronous message for:" "https://webauth.uncc.edu"
JavaScript error: resource://gre/modules/LoginManagerParent.jsm, line 136: TypeError: gRecipeManager is null
JavaScript error: https://instructure-uploads.s3.amazonaws.com/account_73010000000000001/attachments/15052561/uncc_canvas.js, line 192: TypeError: document.getElementById(...) is null
JavaScript error: https://instructure-uploads.s3.amazonaws.com/account_73010000000000001/attachments/15052561/uncc_canvas.js, line 192: TypeError: document.getElementById(...) is null
JavaScript error: https://instructure-uploads.s3.amazonaws.com/account_73010000000000001/attachments/15052561/uncc_canvas.js, line 192: TypeError: document.getElementById(...) is null
console.warn: LoginRecipes: "getRecipes: falling back to a synchronous message for:" "https://uncc.instructure.com"
JavaScript error: resource://gre/modules/LoginManagerParent.jsm, line 136: TypeError: gRecipeManager is null
JavaScript error: https://instructure-uploads.s3.amazonaws.com/account_73010000000000001/attachments/15052561/uncc_canvas.js, line 192: TypeError: document.getElementById(...) is null
JavaScript error: https://instructure-uploads.s3.amazonaws.com/account_73010000000000001/attachments/15052561/uncc_canvas.js, line 192: TypeError: document.getElementById(...) is null
JavaScript error: https://instructure-uploads.s3.amazonaws.com/account_73010000000000001/attachments/15052561/uncc_canvas.js, line 192: TypeError: document.getElementById(...) is null
JavaScript error: resource://gre/modules/AsyncShutdown.jsm, line 575: NotFoundError: No such JSWindowActor 'DevToolsFrame'
1644993476969	Marionette	INFO	Stopped listening on port 63802
console.warn: TopSitesFeed: Failed to fetch data from Contile server: NetworkError when attempting to fetch resource.

###!!! [Parent][RunMessage] Error: Channel closing: too late to send/recv, messages will be lost

ists, new profile?" (new NotFoundError("Could not open the file at C:\\Users\\Michael\\AppData\\Local\\Temp\\rust_mozprofileeGB11a\\search.json.mozlz4", (void 0)))
DevTools listening on ws://localhost:64087/devtools/browser/5eb1bcb3-0064-4f5e-8050-74a31d8d4858
1644993474888	Marionette	INFO	Listening on port 64092
1644993475366	RemoteAgent	WARN	TLS certificate errors will be ignored for this session
1644993505148	Marionette	INFO	Stopped listening on port 64092
console.warn: TopSitesFeed: Failed to fetch data from Contile server: NetworkError when attempting to fetch resource.

###!!! [Parent][RunMessage] Error: Channel closing: too late to send/recv, messages will be lost

1644993563822	geckodriver	INFO	Listening on 127.0.0.1:64167
1644993566904	mozrunner::runner	INFO	Running command: "C:\\Program Files\\Mozilla Firefox\\firefox.exe" "--marionette" "--remote-debugging-port" "64168" "-no-remote" "-profile" "C:\\Users\\Michael\\AppData\\Local\\Temp\\rust_mozprofileg5orWV"
1644993567211	Marionette	INFO	Marionette enabled
console.warn: SearchSettings: "get: No settings file exists, new profile?" (new NotFoundError("Could not open the file at C:\\Users\\Michael\\AppData\\Local\\Temp\\rust_mozprofileg5orWV\\search.json.mozlz4", (void 0)))
DevTools listening on ws://localhost:64168/devtools/browser/16e0afd6-dd57-45dc-ac15-45ae92c74ace
1644993568838	Marionette	INFO	Listening on port 64173
1644993568961	RemoteAgent	WARN	TLS certificate errors will be ignored for this session
1644993651946	Marionette	INFO	Stopped listening on port 64171644993651958	mozrunner::runner	INFO	Running command: "C:\\Program Files\\Mozilla Firefox\\firefox.exe" "--marionette" "--remote-debugging-port" "64246" "-no-remote" "-profile" "C:\\Users\\Michael\\AppData\\Local\\Temp\\rust_mozprofileWbKlLw"
1644993652314	Marionette	INFO	Marionette enabled
console.warn: SearchSettings: "get: No settings file exists, new profile?" (new NotFoundError("Could not open the file at C:\\Users\\Michael\\AppData\\Local\\Temp\\rust_mozprofileWbKlLw\\search.json.mozlz4", (void 0)))
DevTools listening on ws://localhost:64246/devtools/browser/c14db6cc-3b29-4e28-aa71-15140f9977df
1644993653895	Marionette	INFO	Listening on port 64251
1644993654025	RemoteAgent	WARN	TLS certificate errors will be ignored for this session
1644993901432	Marionette	INFO	Stopped listening on port 64251644993901883	mozrunner::runner	INFO	Running command: "C:\\Program Files\\Mozilla Firefox\\firefox.exe" "--marionette" "--remote-debugging-port" "64342" "-no-remote" "-profile" "C:\\Users\\Michael\\AppData\\Local\\Temp\\rust_mozprofilegHpq6h"
1644993902369	Marionette	INFO	Marionette enabled
console.warn: SearchSettings: "get: No settings file exists, new profile?" (new NotFoundError("Could not open the file at C:\\Users\\Michael\\AppData\\Local\\Temp\\rust_mozprofilegHpq6h\\search.json.mozlz4", (void 0)))
DevTools listening on ws://localhost:64342/devtools/browser/32668368-0646-4491-bdb7-94c7a52e8374
1644993904131	Marionette	INFO	Listening on port 64349
1644993904567	RemoteAgent	WARN	TLS certificate errors will be ignored for this session
console.warn: LoginRecipes: "getRecipes: falling back to a synchronous message for:" "https://github.com"
console.warn: LoginRecipes: "getRecipes: falling back to a synchronous message for:" "https://github.com"
JavaScript error: resource://gre/modules/LoginManagerParent.jsm, line 136: TypeError: gRecipeManager is null
JavaScript error: https://instructure-uploads.s3.amazonaws.com/account_73010000000000001/attachments/15052561/uncc_canvas.js, line 192: TypeError: document.getElementById(...) is null
console.warn: LoginRecipes: "getRecipes: falling back to a synchronous message for:" "https://webauth.uncc.edu"
JavaScript error: resource://gre/modules/LoginManagerParent.jsm, line 136: TypeError: gRecipeManager is null
console.warn: LoginRecipes: "getRecipes: falling back to a synchronous message for:" "https://webauth.uncc.edu"
JavaScript error: resource://gre/modules/LoginManagerParent.jsm, line 136: TypeError: gRecipeManager is null
console.warn: LoginRecipes: "getRecipes: falling back to a synchronous message for:" "https://api-c9cc3e0e.duosecurity.com"
JavaScript error: resource://gre/modules/LoginManagerParent.jsm, line 136: TypeError: gRecipeManager is null
console.warn: LoginRecipes: "getRecipes: falling back to a synchronous message for:" "https://api-c9cc3e0e.duosecurity.com"
JavaScript error: resource://gre/modules/LoginManagerParent.jsm, line 136: TypeError: gRecipeManager is null
1644993912737	Marionette	WARN	Ignoring event 'DOMContentLoaded' because document has an invalid readyState of 'complete'.
console.warn: LoginRecipes: "getRecipes: falling back to a synchronous message for:" "https://api-c9cc3e0e.duosecurity.com"
JavaScript error: resource://gre/modules/LoginManagerParent.jsm, line 136: TypeError: gRecipeManager is null
console.warn: LoginRecipes: "getRecipes: falling back to a synchronous message for:" "https://api-c9cc3e0e.duosecurity.com"
JavaScript error: resource://gre/modules/LoginManagerParent.jsm, line 136: TypeError: gRecipeManager is null
1644993916430	Marionette	INFO	Stopped listening on port 64349
console.warn: TopSitesFeed: Failed to fetch data from Contile server: NetworkError when attempting to fetch resource.
JavaScript error: chrome://remote/content/marionette/cert.js, line 55: NS_ERROR_NOT_AVAILABLE: Component returned failure code: 0x80040111 (NS_ERROR_NOT_AVAILABLE) [nsICertOverrideService.setDisableAllSecurityChecksAndLetAttackersInterceptMyData]

###!!! [Parent][RunMessage] Error: Channel closing: too late to send/recv, messages will be lost

1644994040664	geckodriver	INFO	Listening on 127.0.0.1:64465
1644994043761	mozrunner::runner	INFO	Running command: "C:\\Program Files\\Mozilla Firefox\\firefox.exe" "--marionette" "--remote-debugging-port" "64466" "-no-remote" "-profile" "C:\\Users\\Michael\\AppData\\Local\\Temp\\rust_mozprofilegsti5S"
1644994044068	Marionette	INFO	Marionette enabled
console.warn: SearchSettings: "get: No settings file exists, new profile?" (new NotFoundError("Could not open the file at C:\\Users\\Michael\\AppData\\Local\\Temp\\rust_mozprofilegsti5S\\search.json.mozlz4", (void 0)))
DevTools listening on ws://localhost:64466/devtools/browser/0c8aae4a-7165-43fd-99f0-c1abb2ebb26e
1644994045906	Marionette	INFO	Listening on port 64471
1644994046427	RemoteAgent	WARN	TLS certificate errors will be ignored for this session
console.warn: LoginRecipes: "getRecipes: falling back to a synchronous message for:" "https://github.com"
console.warn: LoginRecipes: "getRecipes: falling back to a synchronous message for:" "https://github.com"
JavaScript error: resource://gre/modules/LoginManagerParent.jsm, line 136: TypeError: gRecipeManager is null
1644994049311	Marionette	WARN	TimedPromise timed out after 500 ms: stacktrace:
TimedPromise/<@chrome://remote/content/marionette/sync.js:239:19
TimedPromise@chrome://remote/content/marionette/sync.js:224:10
interaction.flushEventLoop@chrome://remote/content/marionette/interaction.js:431:10
webdriverClickElement@chrome://remote/content/marionette/interaction.js:179:31
JavaScript error: https://instructure-uploads.s3.amazonaws.com/account_73010000000000001/attachments/15052561/uncc_canvas.js, line 192: TypeError: document.getElementById(...) is null
console.warn: LoginRecipes: "getRecipes: falling back to a synchronous message for:" "https://webauth.uncc.edu"
JavaScript error: resource://gre/modules/LoginManagerParent.jsm, line 136: TypeError: gRecipeManager is null
console.warn: LoginRecipes: "getRecipes: falling back to a synchronous message for:" "https://webauth.uncc.edu"
JavaScript error: resource://gre/modules/LoginManagerParent.jsm, line 136: TypeError: gRecipeManager is null
console.warn: LoginRecipes: "getRecipes: falling back to a synchronous message for:" "https://api-c9cc3e0e.duosecurity.com"
JavaScript error: resource://gre/modules/LoginManagerParent.jsm, line 136: TypeError: gRecipeManager is null
console.warn: LoginRecipes: "getRecipes: falling back to a synchronous message for:" "https://api-c9cc3e0e.duosecurity.com"
JavaScript error: resource://gre/modules/LoginManagerParent.jsm, line 136: TypeError: gRecipeManager is null
console.warn: LoginRecipes: "getRecipes: falling back to a synchronous message for:" "https://api-c9cc3e0e.duosecurity.com"
JavaScript error: resource://gre/modules/LoginManagerParent.jsm, line 136: TypeError: gRecipeManager is null
1644994057795	Marionette	WARN	TimedPromise timed out after 500 ms: stacktrace:
TimedPromise/<@chrome://remote/content/marionette/sync.js:239:19
TimedPromise@chrome://remote/content/marionette/sync.js:224:10
interaction.flushEventLoop@chrome://remote/content/marionette/interaction.js:431:10
webdriverClickElement@chrome://remote/content/marionette/interaction.js:179:31
console.warn: LoginRecipes: "getRecipes: falling back to a synchronous message for:" "https://api-c9cc3e0e.duosecurity.com"
JavaScript error: resource://gre/modules/LoginManagerParent.jsm, line 136: TypeError: gRecipeManager is null
1644994058568	Marionette	WARN	TimedPromise timed out after 500 ms: stacktrace:
TimedPromise/<@chrome://remote/content/marionette/sync.js:239:19
TimedPromise@chrome://remote/content/marionette/sync.js:224:10
interaction.flushEventLoop@chrome://remote/content/marionette/interaction.js:431:10
webdriverClickElement@chrome://remote/content/marionette/interaction.js:179:31
1644994070638	Marionette	INFO	Stopped listening on port 64471
console.warn: TopSitesFeed: Failed to fetch data from Contile server: NetworkError when attempting to fetch resource.
JavaScript error: chrome://remote/content/marionette/cert.js, line 55: NS_ERROR_NOT_AVAILABLE: Component returned failure code: 0x80040111 (NS_ERROR_NOT_AVAILABLE) [nsICertOverrideService.setDisableAllSecurityChecksAndLetAttackersInterceptMyData]

###!!! [Parent][RunMessage] Error: Channel closing: too late to send/recv, messages will be lost

1644994287103	geckodriver	INFO	Listening on 127.0.0.1:64606
1644994290170	mozrunner::runner	INFO	Running command: "C:\\Program Files\\Mozilla Firefox\\firefox.exe" "--marionette" "--remote-debugging-port" "64607" "-no-remote" "-profile" "C:\\Users\\Michael\\AppData\\Local\\Temp\\rust_mozprofilegc9I05"
1644994290479	Marionette	INFO	Marionette enabled
console.warn: SearchSettings: "get: No settings file exists, new profile?" (new NotFoundError("Could not open the file at C:\\Users\\Michael\\AppData\\Local\\Temp\\rust_mozprofilegc9I05\\search.json.mozlz4", (void 0)))
DevTools listening on ws://localhost:64607/devtools/browser/41fc2656-81cf-488c-bd04-57af4eeb238a
1644994292277	Marionette	INFO	Listening on port 64614
1644994292316	RemoteAgent	WARN	TLS certificate errors will be ignored for this session
console.warn: LoginRecipes: "getRecipes: falling back to a synchronous message for:" "https://github.com"
console.warn: LoginRecipes: "getRecipes: falling back to a synchronous message for:" "https://github.com"
JavaScript error: resource://gre/modules/LoginManagerParent.jsm, line 136: TypeError: gRecipeManager is null
JavaScript error: https://instructure-uploads.s3.amazonaws.com/account_73010000000000001/attachments/15052561/uncc_canvas.js, line 192: TypeError: document.getElementById(...) is null
console.warn: LoginRecipes: "getRecipes: falling back to a synchronous message for:" "https://webauth.uncc.edu"
JavaScript error: resource://gre/modules/LoginManagerParent.jsm, line 136: TypeError: gRecipeManager is null
console.warn: LoginRecipes: "getRecipes: falling back to a synchronous message for:" "https://webauth.uncc.edu"
JavaScript error: resource://gre/modules/LoginManagerParent.jsm, line 136: TypeError: gRecipeManager is null
console.warn: LoginRecipes: "getRecipes: falling back to a synchronous message for:" "https://api-c9cc3e0e.duosecurity.com"
JavaScript error: resource://gre/modules/LoginManagerParent.jsm, line 136: TypeError: gRecipeManager is null
console.warn: LoginRecipes: "getRecipes: falling back to a synchronous message for:" "https://api-c9cc3e0e.duosecurity.com"
JavaScript error: resource://gre/modules/LoginManagerParent.jsm, line 136: TypeError: gRecipeManager is null
1644994300615	Marionette	WARN	Ignoring event 'DOMContentLoaded' because document has an invalid readyState of 'complete'.
1644994301082	Marionette	INFO	Stopped listening on port 64614
JavaScript error: resource://devtools/client/jsonview/Sniffer.jsm, line 56: NS_ERROR_NOT_AVAILABLE: Component returned failure code: 0x80040111 (NS_ERROR_NOT_AVAILABLE) [nsIChannel.contentType]
console.warn: TopSitesFeed: Failed to fetch data from Contile server: NetworkError when attempting to fetch resource.
JavaScript error: chrome://remote/content/marionette/cert.js, line 55: NS_ERROR_NOT_AVAILABLE: Component returned failure code: 0x80040111 (NS_ERROR_NOT_AVAILABLE) [nsICertOverrideService.setDisableAllSecurityChecksAndLetAttackersInterceptMyData]
